<?xml version="1.0" encoding="UTF-8"?>
<!-- Generated by org.testng.reporters.JUnitReportReporter -->
<testsuite hostname="LAPTOP-MJ36HM04" failures="0" tests="3" name="Automation.OnlineShopping.test.SubmitOrderTest" time="44.702" errors="0" timestamp="19 May 2023 06:30:33 GMT" skipped="0">
  <testcase classname="Automation.OnlineShopping.test.SubmitOrderTest" name="submitOrder" time="17.909"/>
  <testcase classname="Automation.OnlineShopping.test.SubmitOrderTest" name="submitOrder" time="15.839"/>
  <testcase classname="Automation.OnlineShopping.test.SubmitOrderTest" name="orderHistory" time="10.954"/>
</testsuite> <!-- Automation.OnlineShopping.test.SubmitOrderTest -->
