<?xml version="1.0" encoding="UTF-8"?>
<!-- Generated by org.testng.reporters.JUnitReportReporter -->
<testsuite hostname="LAPTOP-MJ36HM04" failures="0" tests="2" name="Automation.OnlineShopping.test.ErrorValidation" time="58.898" errors="0" timestamp="2023-05-16T06:46:38 IST" skipped="0">
  <testcase classname="Automation.OnlineShopping.test.ErrorValidation" name="LoginErrorMessageValidation" time="53.919"/>
  <system-out/>
  <testcase classname="Automation.OnlineShopping.test.ErrorValidation" name="LoginErrorMessageValidation" time="4.979"/>
  <system-out/>
</testsuite> <!-- Automation.OnlineShopping.test.ErrorValidation -->
