<?xml version="1.0" encoding="UTF-8"?>
<!-- Generated by org.testng.reporters.JUnitReportReporter -->
<testsuite hostname="LAPTOP-MJ36HM04" failures="0" tests="1" name="Automation.OnlineShopping.test.SubmitOrder" time="11.493" errors="0" timestamp="2023-05-16T06:46:38 IST" skipped="0">
  <testcase classname="Automation.OnlineShopping.test.SubmitOrder" name="submitOrder" time="11.493"/>
  <system-out/>
</testsuite> <!-- Automation.OnlineShopping.test.SubmitOrder -->
