<?xml version="1.0" encoding="UTF-8"?>
<!-- Generated by org.testng.reporters.JUnitReportReporter -->
<testsuite hostname="LAPTOP-MJ36HM04" failures="0" tests="3" name="Automation.OnlineShopping.test.ErrorValidationTest" time="35.604" errors="0" timestamp="19 May 2023 06:30:33 GMT" skipped="0">
  <testcase classname="Automation.OnlineShopping.test.ErrorValidationTest" name="productErrorValidation" time="15.453"/>
  <testcase classname="Automation.OnlineShopping.test.ErrorValidationTest" name="LoginErrorMessageValidation" time="10.297"/>
  <testcase classname="Automation.OnlineShopping.test.ErrorValidationTest" name="LoginErrorMessageValidation" time="9.854"/>
</testsuite> <!-- Automation.OnlineShopping.test.ErrorValidationTest -->
